Using pre-set license
Built from '2020.2/staging' branch; Version is '2020.2.3f1 (8ff31bc5bf5b) revision 9433883'; Using compiler version '192528614'; Build Type 'Release'
OS: 'Windows 10 Home; OS build 19041.804; Version 2004; 64bit' Language: 'en' Physical Memory: 16269 MB
BatchMode: 1, IsHumanControllingUs: 0, StartBugReporterOnCrash: 0, Is64bit: 1, IsPro: 0

 COMMAND LINE ARGUMENTS:
C:\Program Files\Unity\Hub\Editor\2020.2.3f1\Editor\Unity.exe
-adb2
-batchMode
-noUpm
-name
AssetImportWorker0
-projectPath
C:/Users/George Tang/Documents/GitHub/Assignment-4/Assignment 4
-logFile
Logs/AssetImportWorker0.log
-srvPort
61033
Successfully changed project path to: C:/Users/George Tang/Documents/GitHub/Assignment-4/Assignment 4
C:/Users/George Tang/Documents/GitHub/Assignment-4/Assignment 4
Using Asset Import Pipeline V2.
Refreshing native plugins compatible for Editor in 26.78 ms, found 0 plugins.
Preloading 0 native plugins for Editor in 0.00 ms.
Initialize engine version: 2020.2.3f1 (8ff31bc5bf5b)
[Subsystems] Discovering subsystems at path C:/Program Files/Unity/Hub/Editor/2020.2.3f1/Editor/Data/Resources/UnitySubsystems
[Subsystems] Discovering subsystems at path C:/Users/George Tang/Documents/GitHub/Assignment-4/Assignment 4/Assets
GfxDevice: creating device client; threaded=0
Direct3D:
    Version:  Direct3D 11.0 [level 11.1]
    Renderer: NVIDIA GeForce GTX 1070 (ID=0x1ba1)
    Vendor:   
    VRAM:     8081 MB
    Driver:   27.21.14.6140
Initialize mono
Mono path[0] = 'C:/Program Files/Unity/Hub/Editor/2020.2.3f1/Editor/Data/Managed'
Mono path[1] = 'C:/Program Files/Unity/Hub/Editor/2020.2.3f1/Editor/Data/MonoBleedingEdge/lib/mono/unityjit'
Mono config path = 'C:/Program Files/Unity/Hub/Editor/2020.2.3f1/Editor/Data/MonoBleedingEdge/etc'
Using monoOptions --debugger-agent=transport=dt_socket,embedding=1,server=y,suspend=n,address=127.0.0.1:56488
Begin MonoManager ReloadAssembly
Registering precompiled unity dll's ...
Register platform support module: C:/Program Files/Unity/Hub/Editor/2020.2.3f1/Editor/Data/PlaybackEngines/WebGLSupport/UnityEditor.WebGL.Extensions.dll
Register platform support module: C:/Program Files/Unity/Hub/Editor/2020.2.3f1/Editor/Data/PlaybackEngines/WindowsStandaloneSupport/UnityEditor.WindowsStandalone.Extensions.dll
Registered in 0.003382 seconds.
Native extension for WindowsStandalone target not found
Native extension for WebGL target not found
Refreshing native plugins compatible for Editor in 25.74 ms, found 0 plugins.
Preloading 0 native plugins for Editor in 0.00 ms.
Invoked RoslynAnalysisRunner static constructor.
RoslynAnalysisRunner will not be running.
RoslynAnalysisRunner has terminated.
Mono: successfully reloaded assembly
- Completed reload, in  1.388 seconds
Platform modules already initialized, skipping
Registering precompiled user dll's ...
Registered in 0.000841 seconds.
Begin MonoManager ReloadAssembly
Native extension for WindowsStandalone target not found
Native extension for WebGL target not found
Refreshing native plugins compatible for Editor in 0.20 ms, found 0 plugins.
Preloading 0 native plugins for Editor in 0.00 ms.
Invoked RoslynAnalysisRunner static constructor.
RoslynAnalysisRunner will not be running.
RoslynAnalysisRunner has terminated.
Mono: successfully reloaded assembly
- Completed reload, in  0.990 seconds
Platform modules already initialized, skipping
========================================================================
Worker process is ready to serve import requests
Launched and connected shader compiler UnityShaderCompiler.exe after 0.06 seconds
Refreshing native plugins compatible for Editor in 0.68 ms, found 0 plugins.
Preloading 0 native plugins for Editor in 0.00 ms.
Unloading 1108 Unused Serialized files (Serialized files now loaded: 0)
System memory in use before: 56.8 MB.
System memory in use after: 56.9 MB.

Unloading 10 unused Assets to reduce memory usage. Loaded Objects now: 1550.
Total: 2.465200 ms (FindLiveObjects: 0.592800 ms CreateObjectMapping: 0.145600 ms MarkObjects: 1.609700 ms  DeleteObjects: 0.115500 ms)

========================================================================
Received Import Request.
  path: Assets/Scripts/TriggerSpeedUpMajor.cs
  artifactKey: Guid(93232db5a588736498092d4adfe42f48) Importer(815301076,1909f56bfc062723c751e8b465ee728b)
Start importing Assets/Scripts/TriggerSpeedUpMajor.cs using Guid(93232db5a588736498092d4adfe42f48) Importer(815301076,1909f56bfc062723c751e8b465ee728b)  -> (artifact id: '255bf2bf9dec15f5b7bdeabd5005e151') in 0.031743 seconds
  Import took 0.033884 seconds .

========================================================================
Received Import Request.
  Time since last request: 0.000517 seconds.
  path: Assets/Scripts/TriggerSlowDownMinor.cs
  artifactKey: Guid(b1ebbffd16396bb49960f4091c4ae076) Importer(815301076,1909f56bfc062723c751e8b465ee728b)
Start importing Assets/Scripts/TriggerSlowDownMinor.cs using Guid(b1ebbffd16396bb49960f4091c4ae076) Importer(815301076,1909f56bfc062723c751e8b465ee728b)  -> (artifact id: '6efb9e47b080921a2fa88f92c72abd1d') in 0.004179 seconds
  Import took 0.006469 seconds .

========================================================================
Received Prepare
Registering precompiled user dll's ...
Registered in 0.000863 seconds.
Begin MonoManager ReloadAssembly
Native extension for WindowsStandalone target not found
Native extension for WebGL target not found
Refreshing native plugins compatible for Editor in 0.26 ms, found 0 plugins.
Preloading 0 native plugins for Editor in 0.00 ms.
Invoked RoslynAnalysisRunner static constructor.
RoslynAnalysisRunner will not be running.
RoslynAnalysisRunner has terminated.
Mono: successfully reloaded assembly
- Completed reload, in  0.939 seconds
Platform modules already initialized, skipping
Refreshing native plugins compatible for Editor in 0.29 ms, found 0 plugins.
Preloading 0 native plugins for Editor in 0.00 ms.
Unloading 1103 Unused Serialized files (Serialized files now loaded: 0)
System memory in use before: 56.8 MB.
System memory in use after: 56.8 MB.

Unloading 5 unused Assets to reduce memory usage. Loaded Objects now: 1552.
Total: 2.280800 ms (FindLiveObjects: 0.211900 ms CreateObjectMapping: 0.064500 ms MarkObjects: 1.885400 ms  DeleteObjects: 0.118000 ms)

========================================================================
Received Prepare
Registering precompiled user dll's ...
Registered in 0.000840 seconds.
Begin MonoManager ReloadAssembly
Native extension for WindowsStandalone target not found
Native extension for WebGL target not found
Refreshing native plugins compatible for Editor in 0.20 ms, found 0 plugins.
Preloading 0 native plugins for Editor in 0.00 ms.
Invoked RoslynAnalysisRunner static constructor.
RoslynAnalysisRunner will not be running.
RoslynAnalysisRunner has terminated.
Mono: successfully reloaded assembly
- Completed reload, in  0.900 seconds
Platform modules already initialized, skipping
Refreshing native plugins compatible for Editor in 0.19 ms, found 0 plugins.
Preloading 0 native plugins for Editor in 0.00 ms.
Unloading 1103 Unused Serialized files (Serialized files now loaded: 0)
System memory in use before: 56.8 MB.
System memory in use after: 56.9 MB.

Unloading 5 unused Assets to reduce memory usage. Loaded Objects now: 1554.
Total: 1.756300 ms (FindLiveObjects: 0.119700 ms CreateObjectMapping: 0.033700 ms MarkObjects: 1.491200 ms  DeleteObjects: 0.110900 ms)

========================================================================
Received Import Request.
  Time since last request: 795.851339 seconds.
  path: Assets/Scripts/TriggerSpeedUpMajor.cs
  artifactKey: Guid(93232db5a588736498092d4adfe42f48) Importer(815301076,1909f56bfc062723c751e8b465ee728b)
Start importing Assets/Scripts/TriggerSpeedUpMajor.cs using Guid(93232db5a588736498092d4adfe42f48) Importer(815301076,1909f56bfc062723c751e8b465ee728b)  -> (artifact id: '5e17aa3f7968bd3c9a94cabc2b890449') in 0.005358 seconds
  Import took 0.007514 seconds .

========================================================================
Received Prepare
Registering precompiled user dll's ...
Registered in 0.001083 seconds.
Begin MonoManager ReloadAssembly
Native extension for WindowsStandalone target not found
Native extension for WebGL target not found
Refreshing native plugins compatible for Editor in 0.31 ms, found 0 plugins.
Preloading 0 native plugins for Editor in 0.00 ms.
Invoked RoslynAnalysisRunner static constructor.
RoslynAnalysisRunner will not be running.
RoslynAnalysisRunner has terminated.
Mono: successfully reloaded assembly
- Completed reload, in  0.914 seconds
Platform modules already initialized, skipping
Refreshing native plugins compatible for Editor in 0.23 ms, found 0 plugins.
Preloading 0 native plugins for Editor in 0.00 ms.
Unloading 1103 Unused Serialized files (Serialized files now loaded: 0)
System memory in use before: 56.8 MB.
System memory in use after: 56.9 MB.

Unloading 5 unused Assets to reduce memory usage. Loaded Objects now: 1556.
Total: 2.211900 ms (FindLiveObjects: 0.157700 ms CreateObjectMapping: 0.039900 ms MarkObjects: 1.928400 ms  DeleteObjects: 0.084400 ms)

========================================================================
Received Prepare
Registering precompiled user dll's ...
Registered in 0.000888 seconds.
Begin MonoManager ReloadAssembly
Native extension for WindowsStandalone target not found
Native extension for WebGL target not found
Refreshing native plugins compatible for Editor in 0.20 ms, found 0 plugins.
Preloading 0 native plugins for Editor in 0.00 ms.
Invoked RoslynAnalysisRunner static constructor.
RoslynAnalysisRunner will not be running.
RoslynAnalysisRunner has terminated.
Mono: successfully reloaded assembly
- Completed reload, in  0.889 seconds
Platform modules already initialized, skipping
Refreshing native plugins compatible for Editor in 0.19 ms, found 0 plugins.
Preloading 0 native plugins for Editor in 0.00 ms.
Unloading 1103 Unused Serialized files (Serialized files now loaded: 0)
System memory in use before: 56.8 MB.
System memory in use after: 56.9 MB.

Unloading 5 unused Assets to reduce memory usage. Loaded Objects now: 1558.
Total: 2.258300 ms (FindLiveObjects: 0.325000 ms CreateObjectMapping: 0.038400 ms MarkObjects: 1.771900 ms  DeleteObjects: 0.122100 ms)

========================================================================
Received Prepare
Registering precompiled user dll's ...
Registered in 0.001146 seconds.
Begin MonoManager ReloadAssembly
Native extension for WindowsStandalone target not found
Native extension for WebGL target not found
Refreshing native plugins compatible for Editor in 0.19 ms, found 0 plugins.
Preloading 0 native plugins for Editor in 0.00 ms.
Invoked RoslynAnalysisRunner static constructor.
RoslynAnalysisRunner will not be running.
RoslynAnalysisRunner has terminated.
Mono: successfully reloaded assembly
- Completed reload, in  0.885 seconds
Platform modules already initialized, skipping
Refreshing native plugins compatible for Editor in 0.25 ms, found 0 plugins.
Preloading 0 native plugins for Editor in 0.00 ms.
Unloading 1103 Unused Serialized files (Serialized files now loaded: 0)
System memory in use before: 56.8 MB.
System memory in use after: 56.9 MB.

Unloading 5 unused Assets to reduce memory usage. Loaded Objects now: 1560.
Total: 2.053900 ms (FindLiveObjects: 0.257300 ms CreateObjectMapping: 0.071600 ms MarkObjects: 1.650900 ms  DeleteObjects: 0.072600 ms)

========================================================================
Received Prepare
Registering precompiled user dll's ...
Registered in 0.001143 seconds.
Begin MonoManager ReloadAssembly
Native extension for WindowsStandalone target not found
Native extension for WebGL target not found
Refreshing native plugins compatible for Editor in 0.20 ms, found 0 plugins.
Preloading 0 native plugins for Editor in 0.00 ms.
Invoked RoslynAnalysisRunner static constructor.
RoslynAnalysisRunner will not be running.
RoslynAnalysisRunner has terminated.
Mono: successfully reloaded assembly
- Completed reload, in  0.864 seconds
Platform modules already initialized, skipping
Refreshing native plugins compatible for Editor in 0.24 ms, found 0 plugins.
Preloading 0 native plugins for Editor in 0.00 ms.
Unloading 1103 Unused Serialized files (Serialized files now loaded: 0)
System memory in use before: 56.8 MB.
System memory in use after: 56.9 MB.

Unloading 5 unused Assets to reduce memory usage. Loaded Objects now: 1562.
Total: 1.849500 ms (FindLiveObjects: 0.182200 ms CreateObjectMapping: 0.035000 ms MarkObjects: 1.534100 ms  DeleteObjects: 0.096900 ms)

========================================================================
Received Prepare
Registering precompiled user dll's ...
Registered in 0.001009 seconds.
Begin MonoManager ReloadAssembly
Native extension for WindowsStandalone target not found
Native extension for WebGL target not found
Refreshing native plugins compatible for Editor in 0.34 ms, found 0 plugins.
Preloading 0 native plugins for Editor in 0.00 ms.
Invoked RoslynAnalysisRunner static constructor.
RoslynAnalysisRunner will not be running.
RoslynAnalysisRunner has terminated.
Mono: successfully reloaded assembly
- Completed reload, in  1.089 seconds
Platform modules already initialized, skipping
Refreshing native plugins compatible for Editor in 0.46 ms, found 0 plugins.
Preloading 0 native plugins for Editor in 0.00 ms.
Unloading 1103 Unused Serialized files (Serialized files now loaded: 0)
System memory in use before: 56.8 MB.
System memory in use after: 56.9 MB.

Unloading 5 unused Assets to reduce memory usage. Loaded Objects now: 1564.
Total: 2.874000 ms (FindLiveObjects: 0.371200 ms CreateObjectMapping: 0.176600 ms MarkObjects: 2.263400 ms  DeleteObjects: 0.061200 ms)

========================================================================
Received Import Request.
  Time since last request: 897.123318 seconds.
  path: Assets/Scripts/Player.cs
  artifactKey: Guid(5107d598bc4804a47bf5d7951ecee4fb) Importer(815301076,1909f56bfc062723c751e8b465ee728b)
Start importing Assets/Scripts/Player.cs using Guid(5107d598bc4804a47bf5d7951ecee4fb) Importer(815301076,1909f56bfc062723c751e8b465ee728b)  -> (artifact id: '88c1cc038633585da7cb4f6c848443c4') in 0.005894 seconds
  Import took 0.008856 seconds .

========================================================================
Received Import Request.
  Time since last request: 0.003361 seconds.
  path: Assets/Scripts/Player.cs
  artifactKey: Guid(5107d598bc4804a47bf5d7951ecee4fb) Importer(815301076,1909f56bfc062723c751e8b465ee728b)
Start importing Assets/Scripts/Player.cs using Guid(5107d598bc4804a47bf5d7951ecee4fb) Importer(815301076,1909f56bfc062723c751e8b465ee728b)  -> (artifact id: '88c1cc038633585da7cb4f6c848443c4') in 0.005008 seconds
  Import took 0.007177 seconds .

========================================================================
Received Prepare
Registering precompiled user dll's ...
Registered in 0.001220 seconds.
Begin MonoManager ReloadAssembly
Native extension for WindowsStandalone target not found
Native extension for WebGL target not found
Refreshing native plugins compatible for Editor in 0.22 ms, found 0 plugins.
Preloading 0 native plugins for Editor in 0.00 ms.
Invoked RoslynAnalysisRunner static constructor.
RoslynAnalysisRunner will not be running.
RoslynAnalysisRunner has terminated.
Mono: successfully reloaded assembly
- Completed reload, in  1.090 seconds
Platform modules already initialized, skipping
Refreshing native plugins compatible for Editor in 0.29 ms, found 0 plugins.
Preloading 0 native plugins for Editor in 0.00 ms.
Unloading 1104 Unused Serialized files (Serialized files now loaded: 0)
System memory in use before: 56.9 MB.
System memory in use after: 56.9 MB.

Unloading 5 unused Assets to reduce memory usage. Loaded Objects now: 1567.
Total: 2.348400 ms (FindLiveObjects: 0.230600 ms CreateObjectMapping: 0.072500 ms MarkObjects: 1.968500 ms  DeleteObjects: 0.075200 ms)

========================================================================
Received Import Request.
  Time since last request: 171.035067 seconds.
  path: Assets/Scripts/TriggerZone.cs
  artifactKey: Guid(540e2151d8828a64a9feeefe56e28bca) Importer(815301076,1909f56bfc062723c751e8b465ee728b)
Start importing Assets/Scripts/TriggerZone.cs using Guid(540e2151d8828a64a9feeefe56e28bca) Importer(815301076,1909f56bfc062723c751e8b465ee728b)  -> (artifact id: '7a21ac73e7b8e4b94535b0d542043199') in 0.005953 seconds
  Import took 0.008070 seconds .

========================================================================
Received Import Request.
  Time since last request: 0.004088 seconds.
  path: Assets/Scripts/TriggerZone.cs
  artifactKey: Guid(540e2151d8828a64a9feeefe56e28bca) Importer(815301076,1909f56bfc062723c751e8b465ee728b)
Start importing Assets/Scripts/TriggerZone.cs using Guid(540e2151d8828a64a9feeefe56e28bca) Importer(815301076,1909f56bfc062723c751e8b465ee728b)  -> (artifact id: '7a21ac73e7b8e4b94535b0d542043199') in 0.004405 seconds
  Import took 0.008405 seconds .

========================================================================
Received Import Request.
  Time since last request: 3.378075 seconds.
  path: Assets/Scripts/TriggerSpeedUpMinor.cs
  artifactKey: Guid(7bc50a1f1b83b834abb0f0040ee3da3c) Importer(815301076,1909f56bfc062723c751e8b465ee728b)
Start importing Assets/Scripts/TriggerSpeedUpMinor.cs using Guid(7bc50a1f1b83b834abb0f0040ee3da3c) Importer(815301076,1909f56bfc062723c751e8b465ee728b)  -> (artifact id: '9c44529198cf934a844a0844493cedbc') in 0.003858 seconds
  Import took 0.006080 seconds .

========================================================================
Received Import Request.
  Time since last request: 0.030056 seconds.
  path: Assets/Scripts/TriggerSpeedUpMinor.cs
  artifactKey: Guid(7bc50a1f1b83b834abb0f0040ee3da3c) Importer(815301076,1909f56bfc062723c751e8b465ee728b)
Start importing Assets/Scripts/TriggerSpeedUpMinor.cs using Guid(7bc50a1f1b83b834abb0f0040ee3da3c) Importer(815301076,1909f56bfc062723c751e8b465ee728b)  -> (artifact id: '9c44529198cf934a844a0844493cedbc') in 0.004351 seconds
  Import took 0.008091 seconds .

========================================================================
Received Import Request.
  Time since last request: 1.756942 seconds.
  path: Assets/Scripts/TriggerSpeedUpMajor.cs
  artifactKey: Guid(93232db5a588736498092d4adfe42f48) Importer(815301076,1909f56bfc062723c751e8b465ee728b)
Start importing Assets/Scripts/TriggerSpeedUpMajor.cs using Guid(93232db5a588736498092d4adfe42f48) Importer(815301076,1909f56bfc062723c751e8b465ee728b)  -> (artifact id: '1694aa2a13ef1f4182651ba24f11c2ac') in 0.005322 seconds
  Import took 0.008031 seconds .

========================================================================
Received Import Request.
  Time since last request: 0.002026 seconds.
  path: Assets/Scripts/TriggerSpeedUpMajor.cs
  artifactKey: Guid(93232db5a588736498092d4adfe42f48) Importer(815301076,1909f56bfc062723c751e8b465ee728b)
Start importing Assets/Scripts/TriggerSpeedUpMajor.cs using Guid(93232db5a588736498092d4adfe42f48) Importer(815301076,1909f56bfc062723c751e8b465ee728b)  -> (artifact id: '1694aa2a13ef1f4182651ba24f11c2ac') in 0.006474 seconds
  Import took 0.008880 seconds .

========================================================================
Received Import Request.
  Time since last request: 1.219807 seconds.
  path: Assets/Scripts/TriggerSlowDownMinor.cs
  artifactKey: Guid(b1ebbffd16396bb49960f4091c4ae076) Importer(815301076,1909f56bfc062723c751e8b465ee728b)
Start importing Assets/Scripts/TriggerSlowDownMinor.cs using Guid(b1ebbffd16396bb49960f4091c4ae076) Importer(815301076,1909f56bfc062723c751e8b465ee728b)  -> (artifact id: '503b2b84cabc0aa0a9bf19a9a1f59268') in 0.004311 seconds
  Import took 0.007544 seconds .

========================================================================
Received Import Request.
  Time since last request: 1.803441 seconds.
  path: Assets/Scripts/TriggerSlowDownMajor.cs
  artifactKey: Guid(62507ad294154d34e9d6d6edcf8d286f) Importer(815301076,1909f56bfc062723c751e8b465ee728b)
Start importing Assets/Scripts/TriggerSlowDownMajor.cs using Guid(62507ad294154d34e9d6d6edcf8d286f) Importer(815301076,1909f56bfc062723c751e8b465ee728b)  -> (artifact id: 'e60c62b0b9f4c09325ebad50c175c41f') in 0.006730 seconds
  Import took 0.010211 seconds .

========================================================================
Received Import Request.
  Time since last request: 0.008352 seconds.
  path: Assets/Scripts/TriggerSlowDownMajor.cs
  artifactKey: Guid(62507ad294154d34e9d6d6edcf8d286f) Importer(815301076,1909f56bfc062723c751e8b465ee728b)
Start importing Assets/Scripts/TriggerSlowDownMajor.cs using Guid(62507ad294154d34e9d6d6edcf8d286f) Importer(815301076,1909f56bfc062723c751e8b465ee728b)  -> (artifact id: 'e60c62b0b9f4c09325ebad50c175c41f') in 0.005589 seconds
  Import took 0.008396 seconds .

========================================================================
Received Prepare
Registering precompiled user dll's ...
Registered in 0.000840 seconds.
Begin MonoManager ReloadAssembly
Native extension for WindowsStandalone target not found
Native extension for WebGL target not found
Refreshing native plugins compatible for Editor in 0.20 ms, found 0 plugins.
Preloading 0 native plugins for Editor in 0.00 ms.
Invoked RoslynAnalysisRunner static constructor.
RoslynAnalysisRunner will not be running.
RoslynAnalysisRunner has terminated.
Mono: successfully reloaded assembly
- Completed reload, in  0.949 seconds
Platform modules already initialized, skipping
Refreshing native plugins compatible for Editor in 0.19 ms, found 0 plugins.
Preloading 0 native plugins for Editor in 0.00 ms.
Unloading 1104 Unused Serialized files (Serialized files now loaded: 0)
System memory in use before: 56.9 MB.
System memory in use after: 56.9 MB.

Unloading 5 unused Assets to reduce memory usage. Loaded Objects now: 1569.
Total: 1.896500 ms (FindLiveObjects: 0.138400 ms CreateObjectMapping: 0.038600 ms MarkObjects: 1.603300 ms  DeleteObjects: 0.115100 ms)

========================================================================
Received Prepare
Registering precompiled user dll's ...
Registered in 0.000800 seconds.
Begin MonoManager ReloadAssembly
Native extension for WindowsStandalone target not found
Native extension for WebGL target not found
Refreshing native plugins compatible for Editor in 0.20 ms, found 0 plugins.
Preloading 0 native plugins for Editor in 0.00 ms.
Invoked RoslynAnalysisRunner static constructor.
RoslynAnalysisRunner will not be running.
RoslynAnalysisRunner has terminated.
Mono: successfully reloaded assembly
- Completed reload, in  0.951 seconds
Platform modules already initialized, skipping
Refreshing native plugins compatible for Editor in 0.19 ms, found 0 plugins.
Preloading 0 native plugins for Editor in 0.00 ms.
Unloading 1104 Unused Serialized files (Serialized files now loaded: 0)
System memory in use before: 56.9 MB.
System memory in use after: 57.0 MB.

Unloading 5 unused Assets to reduce memory usage. Loaded Objects now: 1571.
Total: 2.304500 ms (FindLiveObjects: 0.144800 ms CreateObjectMapping: 0.105400 ms MarkObjects: 1.969500 ms  DeleteObjects: 0.083700 ms)

========================================================================
Received Prepare
Registering precompiled user dll's ...
Registered in 0.000849 seconds.
Begin MonoManager ReloadAssembly
Native extension for WindowsStandalone target not found
Native extension for WebGL target not found
Refreshing native plugins compatible for Editor in 0.19 ms, found 0 plugins.
Preloading 0 native plugins for Editor in 0.00 ms.
Invoked RoslynAnalysisRunner static constructor.
RoslynAnalysisRunner will not be running.
RoslynAnalysisRunner has terminated.
Mono: successfully reloaded assembly
- Completed reload, in  0.906 seconds
Platform modules already initialized, skipping
Refreshing native plugins compatible for Editor in 0.19 ms, found 0 plugins.
Preloading 0 native plugins for Editor in 0.00 ms.
Unloading 1104 Unused Serialized files (Serialized files now loaded: 0)
System memory in use before: 56.9 MB.
System memory in use after: 57.0 MB.

Unloading 5 unused Assets to reduce memory usage. Loaded Objects now: 1573.
Total: 2.429000 ms (FindLiveObjects: 0.143700 ms CreateObjectMapping: 0.044700 ms MarkObjects: 2.157600 ms  DeleteObjects: 0.081200 ms)

========================================================================
Received Prepare
Registering precompiled user dll's ...
Registered in 0.000856 seconds.
Begin MonoManager ReloadAssembly
Native extension for WindowsStandalone target not found
Native extension for WebGL target not found
Refreshing native plugins compatible for Editor in 0.23 ms, found 0 plugins.
Preloading 0 native plugins for Editor in 0.00 ms.
Invoked RoslynAnalysisRunner static constructor.
RoslynAnalysisRunner will not be running.
RoslynAnalysisRunner has terminated.
Mono: successfully reloaded assembly
- Completed reload, in  0.836 seconds
Platform modules already initialized, skipping
Refreshing native plugins compatible for Editor in 0.19 ms, found 0 plugins.
Preloading 0 native plugins for Editor in 0.00 ms.
Unloading 1104 Unused Serialized files (Serialized files now loaded: 0)
System memory in use before: 56.9 MB.
System memory in use after: 57.0 MB.

Unloading 5 unused Assets to reduce memory usage. Loaded Objects now: 1575.
Total: 1.658500 ms (FindLiveObjects: 0.155400 ms CreateObjectMapping: 0.034900 ms MarkObjects: 1.372300 ms  DeleteObjects: 0.094500 ms)

========================================================================
Received Import Request.
  Time since last request: 546.554419 seconds.
  path: Assets/Materials/MeatballMat.mat
  artifactKey: Guid(535046a1464168a41bdd105869033a8b) Importer(815301076,1909f56bfc062723c751e8b465ee728b)
Start importing Assets/Materials/MeatballMat.mat using Guid(535046a1464168a41bdd105869033a8b) Importer(815301076,1909f56bfc062723c751e8b465ee728b)  -> (artifact id: '00810bc5ccbf3f7017bb843c64945822') in 0.100391 seconds
  Import took 0.102471 seconds .

========================================================================
Received Import Request.
  Time since last request: 60.781036 seconds.
  path: Assets/Materials/Road.mat
  artifactKey: Guid(f395923812244664f95affe2b60a82dd) Importer(815301076,1909f56bfc062723c751e8b465ee728b)
Start importing Assets/Materials/Road.mat using Guid(f395923812244664f95affe2b60a82dd) Importer(815301076,1909f56bfc062723c751e8b465ee728b)  -> (artifact id: '2f1f86582ff4d286075823c4f1b3c44e') in 0.015084 seconds
  Import took 0.024595 seconds .

========================================================================
Received Import Request.
  Time since last request: 21.689774 seconds.
  path: Assets/Materials/MeatballMat.mat
  artifactKey: Guid(535046a1464168a41bdd105869033a8b) Importer(815301076,1909f56bfc062723c751e8b465ee728b)
Start importing Assets/Materials/MeatballMat.mat using Guid(535046a1464168a41bdd105869033a8b) Importer(815301076,1909f56bfc062723c751e8b465ee728b)  -> (artifact id: '4c76c51c105d4e868e72e36c1dce0ddf') in 0.011992 seconds
  Import took 0.014803 seconds .

========================================================================
Received Import Request.
  Time since last request: 0.000479 seconds.
  path: Assets/Materials/PlayerMat.mat
  artifactKey: Guid(d92e858dd4dcb74419064216797d294e) Importer(815301076,1909f56bfc062723c751e8b465ee728b)
Start importing Assets/Materials/PlayerMat.mat using Guid(d92e858dd4dcb74419064216797d294e) Importer(815301076,1909f56bfc062723c751e8b465ee728b)  -> (artifact id: '7027eace76301a645622966ef2cebebd') in 0.011997 seconds
  Import took 0.013917 seconds .

========================================================================
Received Import Request.
  Time since last request: 0.000408 seconds.
  path: Assets/Materials/Road.mat
  artifactKey: Guid(f395923812244664f95affe2b60a82dd) Importer(815301076,1909f56bfc062723c751e8b465ee728b)
Start importing Assets/Materials/Road.mat using Guid(f395923812244664f95affe2b60a82dd) Importer(815301076,1909f56bfc062723c751e8b465ee728b)  -> (artifact id: '6c7e49d4162739184a0d15b70617eea6') in 0.010693 seconds
  Import took 0.013192 seconds .

========================================================================
Received Prepare
Registering precompiled user dll's ...
Registered in 0.001020 seconds.
Begin MonoManager ReloadAssembly
Native extension for WindowsStandalone target not found
Native extension for WebGL target not found
Refreshing native plugins compatible for Editor in 0.20 ms, found 0 plugins.
Preloading 0 native plugins for Editor in 0.00 ms.
Invoked RoslynAnalysisRunner static constructor.
RoslynAnalysisRunner will not be running.
RoslynAnalysisRunner has terminated.
Mono: successfully reloaded assembly
- Completed reload, in  0.940 seconds
Platform modules already initialized, skipping
Refreshing native plugins compatible for Editor in 0.25 ms, found 0 plugins.
Preloading 0 native plugins for Editor in 0.00 ms.
Unloading 1104 Unused Serialized files (Serialized files now loaded: 0)
System memory in use before: 60.2 MB.
System memory in use after: 60.3 MB.

Unloading 5 unused Assets to reduce memory usage. Loaded Objects now: 1617.
Total: 2.506400 ms (FindLiveObjects: 0.256200 ms CreateObjectMapping: 0.047400 ms MarkObjects: 2.083900 ms  DeleteObjects: 0.117300 ms)

AssetImportWorkerClient::OnTransportError - code=2 error=End of file
